<?xml version="1.0" encoding="UTF-8" ?>
<testsuite tests="17" failures="0" name="co.uk.ebay.runner.TestRunner" time="0" errors="0" skipped="0">
  <properties>
[...]
</properties>
  <testcase classname="| Jacket | Blue | 12 | 1 |" name="Given I navigate to ebay home page" time="0"/>
  <testcase classname="| Jacket | Blue | 12 | 1 |" name="When I enter &quot;&lt; ClothType&gt;&quot; into search field" time="0"/>
  <testcase classname="| Jacket | Blue | 12 | 1 |" name="And I click on search button" time="0"/>
  <testcase classname="| Jacket | Blue | 12 | 1 |" name="And I click on one of the result" time="0"/>
  <testcase classname="| Jacket | Blue | 12 | 1 |" name="And I select &quot;&lt; colour&gt;&quot; from colour dropdown" time="0"/>
  <testcase classname="| Jacket | Blue | 12 | 1 |" name="And I select &quot;12&quot; from size dropdown" time="0"/>
  <testcase classname="| Jacket | Blue | 12 | 1 |" name="And I select &quot;&lt;quanty&gt;&quot; from quantity dropdown" time="0"/>
  <testcase classname="| Jacket | Blue | 12 | 1 |" name="And I click on buy now button" time="0"/>
  <testcase classname="| Jacket | Blue | 12 | 1 |" name="Then payment page is displayed" time="0"/>
  <testcase classname="| Jacket | Blue | 12 | 1 |" name="| Jacket | Blue | 12 | 1 |" time="0"/>
  <testcase classname="| Casio | 2 |" name="Given I navigate to ebay home page" time="0"/>
  <testcase classname="| Casio | 2 |" name="When I enter &quot;&lt; WatchBrand&gt;&quot; into search field" time="0"/>
  <testcase classname="| Casio | 2 |" name="And I click on search button" time="0"/>
  <testcase classname="| Casio | 2 |" name="And I select &quot;2&quot; from quantity dropdown" time="0"/>
  <testcase classname="| Casio | 2 |" name="And I click on buy now button" time="0"/>
  <testcase classname="| Casio | 2 |" name="Then payment page is displayed" time="0"/>
  <testcase classname="| Casio | 2 |" name="| Casio | 2 |" time="0"/>
</testsuite>